<?xml version="1.0" encoding="UTF-8"?>
<!-- Generated by org.testng.reporters.JUnitXMLReporter -->
<testsuite ignored="10" hostname="DESKTOP-I3BGM4H" failures="0" tests="9" name="Test" time="33.239" errors="0" timestamp="2022-06-11T00:43:58 IST">
  <testcase classname="com.mydemo.testcases.AccountCreationPageTest" name="@BeforeMethod Setup" time="0.017">
    <failure type="java.lang.NullPointerException" message="Cannot invoke &amp;quot;java.util.Properties.getProperty(String)&amp;quot; because &amp;quot;this.prop&amp;quot; is null">
      <![CDATA[java.lang.NullPointerException: Cannot invoke "java.util.Properties.getProperty(String)" because "this.prop" is null
at com.mydemo.base.BaseClass.launchApp(BaseClass.java:50)
at com.mydemo.testcases.AccountCreationPageTest.Setup(AccountCreationPageTest.java:28)
at java.base/java.util.ArrayList.forEach(ArrayList.java:1511)
... Removed 31 stack frames]]>
    </failure>
  </testcase> <!-- @BeforeMethod Setup -->
  <testcase classname="com.mydemo.testcases.AccountCreationPageTest" name="@AfterMethod tearDown" time="-1.654888438069E9">
    <skipped/>
  </testcase> <!-- @AfterMethod tearDown -->
  <testcase classname="com.mydemo.testcases.HomePageTest" name="@BeforeMethod Setup" time="0.014">
    <failure type="java.lang.NullPointerException" message="Cannot invoke &amp;quot;java.util.Properties.getProperty(String)&amp;quot; because &amp;quot;this.prop&amp;quot; is null">
      <![CDATA[java.lang.NullPointerException: Cannot invoke "java.util.Properties.getProperty(String)" because "this.prop" is null
at com.mydemo.base.BaseClass.launchApp(BaseClass.java:50)
at com.mydemo.testcases.HomePageTest.Setup(HomePageTest.java:21)
at java.base/java.util.ArrayList.forEach(ArrayList.java:1511)
... Removed 31 stack frames]]>
    </failure>
  </testcase> <!-- @BeforeMethod Setup -->
  <testcase classname="com.mydemo.testcases.HomePageTest" name="@AfterMethod tearDown" time="-1.654888438094E9">
    <skipped/>
  </testcase> <!-- @AfterMethod tearDown -->
  <testcase classname="com.mydemo.testcases.HomePageTest" name="@BeforeMethod Setup" time="-1.654888438099E9">
    <skipped/>
  </testcase> <!-- @BeforeMethod Setup -->
  <testcase classname="com.mydemo.testcases.HomePageTest" name="@AfterMethod tearDown" time="-1.65488843811E9">
    <skipped/>
  </testcase> <!-- @AfterMethod tearDown -->
  <testcase classname="com.mydemo.testcases.LoginPageTest" name="@BeforeMethod Setup" time="0.015">
    <failure type="java.lang.NullPointerException" message="Cannot invoke &amp;quot;java.util.Properties.getProperty(String)&amp;quot; because &amp;quot;this.prop&amp;quot; is null">
      <![CDATA[java.lang.NullPointerException: Cannot invoke "java.util.Properties.getProperty(String)" because "this.prop" is null
at com.mydemo.base.BaseClass.launchApp(BaseClass.java:50)
at com.mydemo.testcases.LoginPageTest.Setup(LoginPageTest.java:32)
at java.base/java.util.ArrayList.forEach(ArrayList.java:1511)
... Removed 31 stack frames]]>
    </failure>
  </testcase> <!-- @BeforeMethod Setup -->
  <testcase classname="com.mydemo.testcases.LoginPageTest" name="@AfterMethod tearDown" time="-1.654888438136E9">
    <skipped/>
  </testcase> <!-- @AfterMethod tearDown -->
  <testcase classname="com.mydemo.testcases.SearchResultPageTest" name="@BeforeMethod Setup" time="0.018">
    <failure type="java.lang.NullPointerException" message="Cannot invoke &amp;quot;java.util.Properties.getProperty(String)&amp;quot; because &amp;quot;this.prop&amp;quot; is null">
      <![CDATA[java.lang.NullPointerException: Cannot invoke "java.util.Properties.getProperty(String)" because "this.prop" is null
at com.mydemo.base.BaseClass.launchApp(BaseClass.java:50)
at com.mydemo.testcases.SearchResultPageTest.Setup(SearchResultPageTest.java:27)
at java.base/java.util.ArrayList.forEach(ArrayList.java:1511)
... Removed 31 stack frames]]>
    </failure>
  </testcase> <!-- @BeforeMethod Setup -->
  <testcase classname="com.mydemo.testcases.SearchResultPageTest" name="@AfterMethod tearDown" time="-1.654888438165E9">
    <skipped/>
  </testcase> <!-- @AfterMethod tearDown -->
  <testcase classname="com.mydemo.testcases.AddToCartPageTest" name="@BeforeMethod Setup" time="0.022">
    <failure type="java.lang.NullPointerException" message="Cannot invoke &amp;quot;java.util.Properties.getProperty(String)&amp;quot; because &amp;quot;this.prop&amp;quot; is null">
      <![CDATA[java.lang.NullPointerException: Cannot invoke "java.util.Properties.getProperty(String)" because "this.prop" is null
at com.mydemo.base.BaseClass.launchApp(BaseClass.java:50)
at com.mydemo.testcases.AddToCartPageTest.Setup(AddToCartPageTest.java:27)
at java.base/java.util.ArrayList.forEach(ArrayList.java:1511)
... Removed 31 stack frames]]>
    </failure>
  </testcase> <!-- @BeforeMethod Setup -->
  <testcase classname="com.mydemo.testcases.AddToCartPageTest" name="@AfterMethod tearDown" time="-1.654888438195E9">
    <skipped/>
  </testcase> <!-- @AfterMethod tearDown -->
  <testcase classname="com.mydemo.testcases.IndexPageTest" name="verifyLogo" time="0.208"/>
  <testcase classname="com.mydemo.testcases.IndexPageTest" name="verifyMystoreTitle" time="0.01"/>
  <testcase classname="com.mydemo.testcases.IndexPageTest" name="verifyserchProduct" time="5.648"/>
  <testcase classname="com.mydemo.testcases.AccountCreationPageTest" name="validateAcountCreatePageTest" time="0.0">
    <skipped/>
  </testcase> <!-- validateAcountCreatePageTest -->
  <testcase classname="com.mydemo.testcases.HomePageTest" name="validateMyWishListTest" time="0.0">
    <skipped/>
  </testcase> <!-- validateMyWishListTest -->
  <testcase classname="com.mydemo.testcases.HomePageTest" name="validateOrderHistoryTest" time="0.0">
    <skipped/>
  </testcase> <!-- validateOrderHistoryTest -->
  <testcase classname="com.mydemo.testcases.LoginPageTest" name="loginTest" time="0.0">
    <skipped/>
  </testcase> <!-- loginTest -->
  <testcase classname="com.mydemo.testcases.SearchResultPageTest" name="productAvailabilityTest" time="0.0">
    <skipped/>
  </testcase> <!-- productAvailabilityTest -->
  <testcase classname="com.mydemo.testcases.AddToCartPageTest" name="addToCartTest" time="0.0">
    <skipped/>
  </testcase> <!-- addToCartTest -->
  <testcase classname="com.mydemo.base.BaseClass" name="@AfterSuite afterSuite" time="0.0">
    <ignored/>
  </testcase> <!-- @AfterSuite afterSuite -->
  <testcase classname="com.mydemo.base.BaseClass" name="@AfterSuite afterSuite" time="0.0">
    <ignored/>
  </testcase> <!-- @AfterSuite afterSuite -->
  <testcase classname="com.mydemo.base.BaseClass" name="@AfterSuite afterSuite" time="0.0">
    <ignored/>
  </testcase> <!-- @AfterSuite afterSuite -->
  <testcase classname="com.mydemo.base.BaseClass" name="@AfterSuite afterSuite" time="0.0">
    <ignored/>
  </testcase> <!-- @AfterSuite afterSuite -->
  <testcase classname="com.mydemo.base.BaseClass" name="@AfterSuite afterSuite" time="0.0">
    <ignored/>
  </testcase> <!-- @AfterSuite afterSuite -->
  <testcase classname="com.mydemo.base.BaseClass" name="@BeforeSuite loadConfig" time="0.0">
    <ignored/>
  </testcase> <!-- @BeforeSuite loadConfig -->
  <testcase classname="com.mydemo.base.BaseClass" name="@BeforeSuite loadConfig" time="0.0">
    <ignored/>
  </testcase> <!-- @BeforeSuite loadConfig -->
  <testcase classname="com.mydemo.base.BaseClass" name="@BeforeSuite loadConfig" time="0.0">
    <ignored/>
  </testcase> <!-- @BeforeSuite loadConfig -->
  <testcase classname="com.mydemo.base.BaseClass" name="@BeforeSuite loadConfig" time="0.0">
    <ignored/>
  </testcase> <!-- @BeforeSuite loadConfig -->
  <testcase classname="com.mydemo.base.BaseClass" name="@BeforeSuite loadConfig" time="0.0">
    <ignored/>
  </testcase> <!-- @BeforeSuite loadConfig -->
</testsuite> <!-- Test -->
