<?xml version="1.0" encoding="UTF-8"?>
<testng-results ignored="0" total="1" passed="1" failed="0" skipped="0">
  <reporter-output>
  </reporter-output>
  <suite started-at="2022-06-11T00:53:02 IST" name="Default suite" finished-at="2022-06-11T00:53:38 IST" duration-ms="36259">
    <groups>
    </groups>
    <test started-at="2022-06-11T00:53:02 IST" name="Default test" finished-at="2022-06-11T00:53:38 IST" duration-ms="36259">
      <class name="com.mydemo.testcases.AddToCartPageTest">
        <test-method is-config="true" signature="loadConfig()[pri:0, instance:com.mydemo.testcases.AddToCartPageTest@73ee04c8]" started-at="2022-06-11T00:53:02 IST" name="loadConfig" finished-at="2022-06-11T00:53:02 IST" duration-ms="323" status="PASS">
          <reporter-output>
          </reporter-output>
        </test-method> <!-- loadConfig -->
        <test-method is-config="true" signature="Setup()[pri:0, instance:com.mydemo.testcases.AddToCartPageTest@73ee04c8]" started-at="2022-06-11T00:53:02 IST" name="Setup" finished-at="2022-06-11T00:53:15 IST" duration-ms="12773" status="PASS">
          <reporter-output>
          </reporter-output>
        </test-method> <!-- Setup -->
        <test-method signature="addToCartTest()[pri:0, instance:com.mydemo.testcases.AddToCartPageTest@73ee04c8]" started-at="2022-06-11T00:53:15 IST" name="addToCartTest" finished-at="2022-06-11T00:53:38 IST" duration-ms="22902" status="PASS">
          <reporter-output>
          </reporter-output>
        </test-method> <!-- addToCartTest -->
        <test-method is-config="true" signature="tearDown()[pri:0, instance:com.mydemo.testcases.AddToCartPageTest@73ee04c8]" started-at="2022-06-11T00:53:38 IST" name="tearDown" finished-at="2022-06-11T00:53:38 IST" duration-ms="537" status="PASS">
          <reporter-output>
          </reporter-output>
        </test-method> <!-- tearDown -->
        <test-method is-config="true" signature="afterSuite()[pri:0, instance:com.mydemo.testcases.AddToCartPageTest@73ee04c8]" started-at="2022-06-11T00:53:38 IST" name="afterSuite" finished-at="2022-06-11T00:53:38 IST" duration-ms="7" status="PASS">
          <reporter-output>
          </reporter-output>
        </test-method> <!-- afterSuite -->
      </class> <!-- com.mydemo.testcases.AddToCartPageTest -->
    </test> <!-- Default test -->
  </suite> <!-- Default suite -->
</testng-results>
